<?xml version="1.0" encoding="UTF-8"?>
<testng-results ignored="0" total="1" passed="1" failed="0" skipped="0">
  <reporter-output>
    <line>
      <![CDATA[Successfully Launched Chrome Browser]]>
    </line>
    <line>
      <![CDATA[Browser window is maximized successfully]]>
    </line>
    <line>
      <![CDATA[Trouble Ticket Page is displayed]]>
    </line>
    <line>
      <![CDATA[Creating New Ticket page is displayed]]>
    </line>
  </reporter-output>
  <suite started-at="2023-03-23T17:16:45 IST" name="Default suite" finished-at="2023-03-23T17:16:55 IST" duration-ms="9976">
    <groups>
    </groups>
    <test started-at="2023-03-23T17:16:45 IST" name="Default test" finished-at="2023-03-23T17:16:55 IST" duration-ms="9976">
      <class name="troubleTickets.TC_VT_002_Test">
        <test-method is-config="true" signature="browserSetUp(java.lang.String)[pri:0, instance:troubleTickets.TC_VT_002_Test@be64738]" started-at="2023-03-23T17:16:45 IST" name="browserSetUp" finished-at="2023-03-23T17:16:47 IST" duration-ms="2262" status="PASS">
          <params>
            <param index="0">
              <value>
                <![CDATA[noValue]]>
              </value>
            </param>
          </params>
          <reporter-output>
            <line>
              <![CDATA[Successfully Launched Chrome Browser]]>
            </line>
            <line>
              <![CDATA[Browser window is maximized successfully]]>
            </line>
          </reporter-output>
        </test-method> <!-- browserSetUp -->
        <test-method is-config="true" signature="loginToApplication()[pri:0, instance:troubleTickets.TC_VT_002_Test@be64738]" started-at="2023-03-23T17:16:47 IST" name="loginToApplication" finished-at="2023-03-23T17:16:50 IST" duration-ms="2683" status="PASS">
          <reporter-output>
          </reporter-output>
        </test-method> <!-- loginToApplication -->
        <test-method signature="toOpenNewTicketPage()[pri:0, instance:troubleTickets.TC_VT_002_Test@be64738]" started-at="2023-03-23T17:16:50 IST" name="toOpenNewTicketPage" finished-at="2023-03-23T17:16:53 IST" duration-ms="3514" status="PASS">
          <reporter-output>
            <line>
              <![CDATA[Trouble Ticket Page is displayed]]>
            </line>
            <line>
              <![CDATA[Creating New Ticket page is displayed]]>
            </line>
          </reporter-output>
        </test-method> <!-- toOpenNewTicketPage -->
        <test-method is-config="true" signature="logoutOfApplication()[pri:0, instance:troubleTickets.TC_VT_002_Test@be64738]" started-at="2023-03-23T17:16:53 IST" name="logoutOfApplication" finished-at="2023-03-23T17:16:54 IST" duration-ms="1037" status="PASS">
          <reporter-output>
          </reporter-output>
        </test-method> <!-- logoutOfApplication -->
        <test-method is-config="true" signature="browserTearDown()[pri:0, instance:troubleTickets.TC_VT_002_Test@be64738]" started-at="2023-03-23T17:16:54 IST" name="browserTearDown" finished-at="2023-03-23T17:16:55 IST" duration-ms="432" status="PASS">
          <reporter-output>
          </reporter-output>
        </test-method> <!-- browserTearDown -->
      </class> <!-- troubleTickets.TC_VT_002_Test -->
    </test> <!-- Default test -->
  </suite> <!-- Default suite -->
</testng-results>
