<?xml version="1.0" encoding="UTF-8"?>
<testng-results ignored="0" total="1" passed="1" failed="0" skipped="0">
  <reporter-output>
    <line>
      <![CDATA[Successfully Launched Chrome Browser]]>
    </line>
    <line>
      <![CDATA[Browser window is maximized successfully]]>
    </line>
  </reporter-output>
  <suite started-at="2023-03-17T11:26:17 IST" name="Default suite" finished-at="2023-03-17T11:26:39 IST" duration-ms="21118">
    <groups>
    </groups>
    <test started-at="2023-03-17T11:26:17 IST" name="Default test" finished-at="2023-03-17T11:26:39 IST" duration-ms="21118">
      <class name="testCaseSample.TC_SampleTestCase_Test">
        <test-method is-config="true" signature="browserSetUp(java.lang.String)[pri:0, instance:testCaseSample.TC_SampleTestCase_Test@be64738]" started-at="2023-03-17T11:26:17 IST" name="browserSetUp" finished-at="2023-03-17T11:26:29 IST" duration-ms="11981" status="PASS">
          <params>
            <param index="0">
              <value>
                <![CDATA[noValue]]>
              </value>
            </param>
          </params>
          <reporter-output>
            <line>
              <![CDATA[Successfully Launched Chrome Browser]]>
            </line>
            <line>
              <![CDATA[Browser window is maximized successfully]]>
            </line>
          </reporter-output>
        </test-method> <!-- browserSetUp -->
        <test-method is-config="true" signature="loginToApplication()[pri:0, instance:testCaseSample.TC_SampleTestCase_Test@be64738]" started-at="2023-03-17T11:26:29 IST" name="loginToApplication" finished-at="2023-03-17T11:26:35 IST" duration-ms="5714" status="PASS">
          <reporter-output>
          </reporter-output>
        </test-method> <!-- loginToApplication -->
        <test-method signature="sample()[pri:0, instance:testCaseSample.TC_SampleTestCase_Test@be64738]" started-at="2023-03-17T11:26:35 IST" name="sample" finished-at="2023-03-17T11:26:36 IST" duration-ms="951" status="PASS">
          <reporter-output>
          </reporter-output>
        </test-method> <!-- sample -->
        <test-method is-config="true" signature="logoutOfApplication()[pri:0, instance:testCaseSample.TC_SampleTestCase_Test@be64738]" started-at="2023-03-17T11:26:36 IST" name="logoutOfApplication" finished-at="2023-03-17T11:26:37 IST" duration-ms="1160" status="PASS">
          <reporter-output>
          </reporter-output>
        </test-method> <!-- logoutOfApplication -->
        <test-method is-config="true" signature="browserTearDown()[pri:0, instance:testCaseSample.TC_SampleTestCase_Test@be64738]" started-at="2023-03-17T11:26:37 IST" name="browserTearDown" finished-at="2023-03-17T11:26:39 IST" duration-ms="1245" status="PASS">
          <reporter-output>
          </reporter-output>
        </test-method> <!-- browserTearDown -->
      </class> <!-- testCaseSample.TC_SampleTestCase_Test -->
    </test> <!-- Default test -->
  </suite> <!-- Default suite -->
</testng-results>
