<?xml version="1.0" encoding="UTF-8"?>
<testng-results skipped="0" failed="0" ignored="0" total="1" passed="1">
  <reporter-output>
    <line>
      <![CDATA[Successfully Launched Chrome Browser]]>
    </line>
    <line>
      <![CDATA[Browser window is maximized successfully]]>
    </line>
  </reporter-output>
  <suite name="Default suite" duration-ms="13932" started-at="2023-03-23T16:09:29 IST" finished-at="2023-03-23T16:09:43 IST">
    <groups>
    </groups>
    <test name="Default test" duration-ms="13932" started-at="2023-03-23T16:09:29 IST" finished-at="2023-03-23T16:09:43 IST">
      <class name="Email_module.TC_VT_006">
        <test-method status="PASS" signature="browserSetUp(java.lang.String)[pri:0, instance:Email_module.TC_VT_006@ea1a8d5]" name="browserSetUp" is-config="true" duration-ms="2076" started-at="2023-03-23T16:09:29 IST" finished-at="2023-03-23T16:09:31 IST">
          <params>
            <param index="0">
              <value>
                <![CDATA[noValue]]>
              </value>
            </param>
          </params>
          <reporter-output>
            <line>
              <![CDATA[Successfully Launched Chrome Browser]]>
            </line>
            <line>
              <![CDATA[Browser window is maximized successfully]]>
            </line>
          </reporter-output>
        </test-method> <!-- browserSetUp -->
        <test-method status="PASS" signature="loginToApplication()[pri:0, instance:Email_module.TC_VT_006@ea1a8d5]" name="loginToApplication" is-config="true" duration-ms="4695" started-at="2023-03-23T16:09:31 IST" finished-at="2023-03-23T16:09:35 IST">
          <reporter-output>
          </reporter-output>
        </test-method> <!-- loginToApplication -->
        <test-method status="PASS" signature="ToOrganisation()[pri:0, instance:Email_module.TC_VT_006@ea1a8d5]" name="ToOrganisation" duration-ms="5093" started-at="2023-03-23T16:09:35 IST" finished-at="2023-03-23T16:09:41 IST">
          <reporter-output>
          </reporter-output>
        </test-method> <!-- ToOrganisation -->
        <test-method status="PASS" signature="logoutOfApplication()[pri:0, instance:Email_module.TC_VT_006@ea1a8d5]" name="logoutOfApplication" is-config="true" duration-ms="1341" started-at="2023-03-23T16:09:41 IST" finished-at="2023-03-23T16:09:42 IST">
          <reporter-output>
          </reporter-output>
        </test-method> <!-- logoutOfApplication -->
        <test-method status="PASS" signature="browserTearDown()[pri:0, instance:Email_module.TC_VT_006@ea1a8d5]" name="browserTearDown" is-config="true" duration-ms="679" started-at="2023-03-23T16:09:42 IST" finished-at="2023-03-23T16:09:43 IST">
          <reporter-output>
          </reporter-output>
        </test-method> <!-- browserTearDown -->
      </class> <!-- Email_module.TC_VT_006 -->
    </test> <!-- Default test -->
  </suite> <!-- Default suite -->
</testng-results>
